[2020-07-10 19:47:17] Text error: This view not found cateogry | File: F:\OpenServer\OSPanel\domains\blog.loc\core\View.php | Line: 20
 =======================
[2020-07-10 22:20:13] Text error: syntax error, unexpected end of file | File: F:\OpenServer\OSPanel\domains\blog.loc\app\views\menu\menu.php | Line: 15
 =======================
[2020-07-11 14:13:41] Text error: Too few arguments to function app\Helper\CategoryHelper::getIds(), 0 passed in F:\OpenServer\OSPanel\domains\blog.loc\app\Controllers\CategoryController.php on line 23 and exactly 1 expected | File: F:\OpenServer\OSPanel\domains\blog.loc\app\Helper\CategoryHelper.php | Line: 13
 =======================
[2020-07-11 15:10:54] Text error: SQLSTATE[42000]: Syntax error or access violation: 1064 You have an error in your SQL syntax; check the manual that corresponds to your MySQL server version for the right syntax to use near '"id":"3","title":"PHP","alias":"php","parent_id":"2","description":"php","keywor' at line 1 | File: F:\OpenServer\OSPanel\domains\blog.loc\vendor\gabordemooij\redbean\RedBeanPHP\Driver\RPDO.php | Line: 194
 =======================
[2020-07-11 15:11:13] Text error: SQLSTATE[42000]: Syntax error or access violation: 1064 You have an error in your SQL syntax; check the manual that corresponds to your MySQL server version for the right syntax to use near '{"id":"3","title":"PHP","alias":"php","parent_id":"2","description":"php","keywo' at line 1 | File: F:\OpenServer\OSPanel\domains\blog.loc\vendor\gabordemooij\redbean\RedBeanPHP\Driver\RPDO.php | Line: 194
 =======================
[2020-07-11 15:11:14] Text error: SQLSTATE[42000]: Syntax error or access violation: 1064 You have an error in your SQL syntax; check the manual that corresponds to your MySQL server version for the right syntax to use near '{"id":"3","title":"PHP","alias":"php","parent_id":"2","description":"php","keywo' at line 1 | File: F:\OpenServer\OSPanel\domains\blog.loc\vendor\gabordemooij\redbean\RedBeanPHP\Driver\RPDO.php | Line: 194
 =======================
[2020-07-11 15:20:50] Text error: SQLSTATE[42000]: Syntax error or access violation: 1064 You have an error in your SQL syntax; check the manual that corresponds to your MySQL server version for the right syntax to use near '"id":"2","title":"\u041a\u0430\u0442\u0435\u0433\u043e\u0440\u0438\u0438","alias' at line 1 | File: F:\OpenServer\OSPanel\domains\blog.loc\vendor\gabordemooij\redbean\RedBeanPHP\Driver\RPDO.php | Line: 194
 =======================
[2020-07-11 15:20:56] Text error: SQLSTATE[42000]: Syntax error or access violation: 1064 You have an error in your SQL syntax; check the manual that corresponds to your MySQL server version for the right syntax to use near '"id":"4","title":"SQL","alias":"sql","parent_id":"2","description":"sql","keywor' at line 1 | File: F:\OpenServer\OSPanel\domains\blog.loc\vendor\gabordemooij\redbean\RedBeanPHP\Driver\RPDO.php | Line: 194
 =======================
[2020-07-11 15:21:38] Text error: SQLSTATE[42000]: Syntax error or access violation: 1064 You have an error in your SQL syntax; check the manual that corresponds to your MySQL server version for the right syntax to use near '"id":"4","title":"SQL","alias":"sql","parent_id":"2","description":"sql","keywor' at line 1 | File: F:\OpenServer\OSPanel\domains\blog.loc\vendor\gabordemooij\redbean\RedBeanPHP\Driver\RPDO.php | Line: 194
 =======================
[2020-07-11 15:21:50] Text error: SQLSTATE[42000]: Syntax error or access violation: 1064 You have an error in your SQL syntax; check the manual that corresponds to your MySQL server version for the right syntax to use near '"id":"4","title":"SQL","alias":"sql","parent_id":"2","description":"sql","keywor' at line 1 | File: F:\OpenServer\OSPanel\domains\blog.loc\vendor\gabordemooij\redbean\RedBeanPHP\Driver\RPDO.php | Line: 194
 =======================
[2020-07-11 15:21:51] Text error: SQLSTATE[42000]: Syntax error or access violation: 1064 You have an error in your SQL syntax; check the manual that corresponds to your MySQL server version for the right syntax to use near '"id":"4","title":"SQL","alias":"sql","parent_id":"2","description":"sql","keywor' at line 1 | File: F:\OpenServer\OSPanel\domains\blog.loc\vendor\gabordemooij\redbean\RedBeanPHP\Driver\RPDO.php | Line: 194
 =======================
[2020-07-11 15:22:39] Text error: SQLSTATE[42000]: Syntax error or access violation: 1064 You have an error in your SQL syntax; check the manual that corresponds to your MySQL server version for the right syntax to use near '"id":"4","title":"SQL","alias":"sql","parent_id":"2","description":"sql","keywor' at line 1 | File: F:\OpenServer\OSPanel\domains\blog.loc\vendor\gabordemooij\redbean\RedBeanPHP\Driver\RPDO.php | Line: 194
 =======================
[2020-07-11 15:23:35] Text error: SQLSTATE[42000]: Syntax error or access violation: 1064 You have an error in your SQL syntax; check the manual that corresponds to your MySQL server version for the right syntax to use near 'post' at line 1 | File: F:\OpenServer\OSPanel\domains\blog.loc\vendor\gabordemooij\redbean\RedBeanPHP\Driver\RPDO.php | Line: 194
 =======================
[2020-07-11 19:14:20] Text error: Call to undefined method app\Models\Category::getCategory() | File: F:\OpenServer\OSPanel\domains\blog.loc\app\Controllers\CategoryController.php | Line: 23
 =======================
[2020-07-11 19:26:05] Text error: Too few arguments to function app\Models\Main::getAllPosts(), 0 passed in F:\OpenServer\OSPanel\domains\blog.loc\app\Controllers\MainController.php on line 22 and exactly 2 expected | File: F:\OpenServer\OSPanel\domains\blog.loc\app\Models\Main.php | Line: 12
 =======================
[2020-07-11 19:26:25] Text error: SQLSTATE[42000]: Syntax error or access violation: 1064 You have an error in your SQL syntax; check the manual that corresponds to your MySQL server version for the right syntax to use near 'LIMIT 4  -- keep-cache' at line 1 | File: F:\OpenServer\OSPanel\domains\blog.loc\vendor\gabordemooij\redbean\RedBeanPHP\Driver\RPDO.php | Line: 194
 =======================
[2020-07-11 19:26:26] Text error: SQLSTATE[42000]: Syntax error or access violation: 1064 You have an error in your SQL syntax; check the manual that corresponds to your MySQL server version for the right syntax to use near 'LIMIT 4  -- keep-cache' at line 1 | File: F:\OpenServer\OSPanel\domains\blog.loc\vendor\gabordemooij\redbean\RedBeanPHP\Driver\RPDO.php | Line: 194
 =======================
[2020-07-11 19:29:58] Text error: Identifier does not conform to RedBeanPHP security policies. | File: F:\OpenServer\OSPanel\domains\blog.loc\vendor\gabordemooij\redbean\RedBeanPHP\QueryWriter\AQueryWriter.php | Line: 820
 =======================
